<?xml version="1.0" encoding="UTF-8"?>
<!-- Generated by org.testng.reporters.JUnitXMLReporter -->
<testsuite hostname="SILICUS214" name="Default test" tests="4" failures="0" timestamp="20 Nov 2019 07:00:42 GMT" time="78.053" errors="0">
  <testcase name="excelData" time="6.809" classname="com.datadriven.test.DataProviderTest"/>
  <testcase name="excelData" time="11.34" classname="com.datadriven.test.DataProviderTest"/>
  <testcase name="excelData" time="6.374" classname="com.datadriven.test.DataProviderTest"/>
  <testcase name="excelData" time="6.033" classname="com.datadriven.test.DataProviderTest"/>
</testsuite> <!-- Default test -->
